<?xml version="1.0" encoding="UTF-8"?>
<!-- Generated by org.testng.reporters.JUnitXMLReporter -->
<testsuite ignored="1" hostname="LAPTOP-97DH9VOH" failures="0" tests="2" name="loging page" time="0.007" errors="0" timestamp="2023-12-06T20:19:40 IST">
  <testcase classname="testngg.Program1" name="createacc" time="0.001"/>
  <testcase classname="testngg.Program1" name="login" time="0.001"/>
  <testcase classname="testngg.Program1" name="signup" time="0.0">
    <ignored/>
  </testcase> <!-- signup -->
</testsuite> <!-- loging page -->
