<?xml version="1.0" encoding="UTF-8"?>
<!-- Generated by org.testng.reporters.JUnitXMLReporter -->
<testsuite ignored="6" hostname="LAPTOP-97DH9VOH" failures="0" tests="4" name="smoke tewting" time="0.074" errors="0" timestamp="2023-12-06T20:42:04 IST">
  <testcase classname="testngg.Program1" name="signup" time="0.009"/>
  <testcase classname="testngg.Program" name="m1" time="0.001"/>
  <testcase classname="testngg.Program" name="m2" time="0.001"/>
  <testcase classname="testngg.Program3" name="paymentcash" time="0.002"/>
  <testcase classname="testngg.Program3" name="paymentupi" time="0.0">
    <ignored/>
  </testcase> <!-- paymentupi -->
  <testcase classname="testngg.Program4" name="test" time="0.0">
    <ignored/>
  </testcase> <!-- test -->
  <testcase classname="testngg.Program3" name="createacc" time="0.0">
    <ignored/>
  </testcase> <!-- createacc -->
  <testcase classname="testngg.Program1" name="createacc" time="0.0">
    <ignored/>
  </testcase> <!-- createacc -->
  <testcase classname="testngg.Program1" name="login" time="0.0">
    <ignored/>
  </testcase> <!-- login -->
  <testcase classname="testngg.Program3" name="paymentcard" time="0.0">
    <ignored/>
  </testcase> <!-- paymentcard -->
</testsuite> <!-- smoke tewting -->
