<?xml version="1.0" encoding="UTF-8"?>
<!-- Generated by org.testng.reporters.JUnitXMLReporter -->
<testsuite ignored="0" hostname="LAPTOP-97DH9VOH" failures="1" tests="1" name="Testng" time="0.032" errors="0" timestamp="2023-12-07T21:11:03 IST">
  <testcase classname="testngg.Program4" name="test" time="0.0">
    <failure type="org.testng.TestNGException" message="
Parameter &amp;apos;url&amp;apos; is required by @Test on method test but has not been marked @Optional or defined
in C:\Users\shash\eclipse-workspace\SeleniumAutomation\testng4.xml">
      <![CDATA[org.testng.TestNGException: 
Parameter 'url' is required by @Test on method test but has not been marked @Optional or defined
in C:\Users\shash\eclipse-workspace\SeleniumAutomation\testng4.xml
at java.base/java.util.ArrayList.forEach(ArrayList.java:1511)
... Removed 26 stack frames]]>
    </failure>
  </testcase> <!-- test -->
</testsuite> <!-- Testng -->
