<?xml version="1.0" encoding="UTF-8"?>
<testng-results ignored="0" total="1" passed="1" failed="0" skipped="0">
  <reporter-output>
  </reporter-output>
  <suite started-at="2023-12-11T20:57:02 IST" name="Default suite" finished-at="2023-12-11T20:57:08 IST" duration-ms="5486">
    <groups>
    </groups>
    <test started-at="2023-12-11T20:57:02 IST" name="Default test" finished-at="2023-12-11T20:57:08 IST" duration-ms="5486">
      <class name="objectrepository.LoginFbPF">
        <test-method signature="login()[pri:0, instance:objectrepository.LoginFbPF@3e84448c]" started-at="2023-12-11T20:57:02 IST" name="login" finished-at="2023-12-11T20:57:08 IST" duration-ms="5464" status="PASS">
          <reporter-output>
          </reporter-output>
        </test-method> <!-- login -->
      </class> <!-- objectrepository.LoginFbPF -->
    </test> <!-- Default test -->
  </suite> <!-- Default suite -->
</testng-results>
